<?xml version="1.0" encoding="UTF-8"?>
<!-- Generated by org.testng.reporters.JUnitXMLReporter -->
<testsuite ignored="2" hostname="DESKTOP-G8O6OG0" failures="0" tests="2" name="Execute Group" time="15.793" errors="0" timestamp="2025-12-17T20:20:57 IST">
  <testcase classname="com.TestNGDemos.D05GoogleAssignment" name="clickOnGmail" time="4.247"/>
  <testcase classname="com.TestNGDemos.D05GoogleAssignment" name="clickOnImages" time="1.558"/>
  <testcase classname="com.TestNGDemos.D05GoogleAssignment" name="clickOnAdvt" time="0.0">
    <ignored/>
  </testcase> <!-- clickOnAdvt -->
  <testcase classname="com.TestNGDemos.D05GoogleAssignment" name="clickOnAbout" time="0.0">
    <ignored/>
  </testcase> <!-- clickOnAbout -->
</testsuite> <!-- Execute Group -->
