<?xml version="1.0" encoding="UTF-8"?>
<!-- Generated by org.testng.reporters.JUnitXMLReporter -->
<testsuite ignored="1" hostname="DESKTOP-G8O6OG0" failures="0" tests="3" name="Execute Single Test" time="25.46" errors="0" timestamp="2025-12-15T22:00:15 IST">
  <testcase classname="com.TestNGDemos.D05GoogleAssignment" name="clickOnGmail" time="4.382"/>
  <testcase classname="com.TestNGDemos.D05GoogleAssignment" name="clickOnAdvt" time="6.114"/>
  <testcase classname="com.TestNGDemos.D05GoogleAssignment" name="clickOnAbout" time="5.023"/>
  <testcase classname="com.TestNGDemos.D05GoogleAssignment" name="clickOnImages" time="0.0">
    <ignored/>
  </testcase> <!-- clickOnImages -->
</testsuite> <!-- Execute Single Test -->
