<?xml version="1.0" encoding="UTF-8"?>
<!-- Generated by org.testng.reporters.JUnitXMLReporter -->
<testsuite ignored="0" hostname="DESKTOP-G8O6OG0" failures="0" tests="4" name="Parallel Execution" time="43.565" errors="0" timestamp="2025-12-17T20:51:19 IST">
  <testcase classname="com.TestNGDemos.D02TestOnlineShopingApps" name="testPharmeasy" time="42.344"/>
  <testcase classname="com.TestNGDemos.D02TestOnlineShopingApps" name="testFirstCry" time="42.808"/>
  <testcase classname="com.TestNGDemos.D02TestOnlineShopingApps" name="testNykaa" time="43.28"/>
  <testcase classname="com.TestNGDemos.D02TestOnlineShopingApps" name="testKisankonnect" time="43.343"/>
</testsuite> <!-- Parallel Execution -->
