<?xml version="1.0" encoding="UTF-8"?>
<!-- Generated by org.testng.reporters.JUnitXMLReporter -->
<testsuite ignored="1" hostname="DESKTOP-G8O6OG0" failures="1" tests="2" name="Default test(failed)" time="0.247" errors="0" timestamp="2025-12-29T20:56:50 IST">
  <testcase classname="com.MyTests.D06TrialClass" name="testCase2" time="0.041">
    <failure type="java.lang.AssertionError" message="expected [true] but found [false]">
      <![CDATA[java.lang.AssertionError: expected [true] but found [false]
at com.MyTests.D06TrialClass.testCase2(D06TrialClass.java:19)
at java.base/java.util.ArrayList.forEach(ArrayList.java:1511)
... Removed 31 stack frames]]>
    </failure>
  </testcase> <!-- testCase2 -->
  <testcase classname="com.MyTests.D06TrialClass" name="testCase3" time="0.014">
    <skipped/>
  </testcase> <!-- testCase3 -->
  <testcase classname="com.MyTests.D06TrialClass" name="testCase1" time="0.0">
    <ignored/>
  </testcase> <!-- testCase1 -->
</testsuite> <!-- Default test(failed) -->
