<?xml version="1.0" encoding="UTF-8"?>
<testng-results ignored="0" total="3" passed="3" failed="0" skipped="0">
  <reporter-output>
  </reporter-output>
  <suite started-at="2025-12-29T22:05:37 IST" name="Default suite" finished-at="2025-12-29T22:05:37 IST" duration-ms="221">
    <groups>
    </groups>
    <test started-at="2025-12-29T22:05:37 IST" name="Default test" finished-at="2025-12-29T22:05:37 IST" duration-ms="221">
      <class name="com.MyTests.D10UnderstandPriority">
        <test-method signature="test1()[pri:0, instance:com.MyTests.D10UnderstandPriority@a1153bc]" started-at="2025-12-29T22:05:37 IST" name="test1" finished-at="2025-12-29T22:05:37 IST" duration-ms="19" status="PASS">
          <reporter-output>
          </reporter-output>
        </test-method> <!-- test1 -->
        <test-method signature="test3()[pri:0, instance:com.MyTests.D10UnderstandPriority@a1153bc]" started-at="2025-12-29T22:05:37 IST" name="test3" finished-at="2025-12-29T22:05:37 IST" duration-ms="5" status="PASS">
          <reporter-output>
          </reporter-output>
        </test-method> <!-- test3 -->
        <test-method signature="test2()[pri:1, instance:com.MyTests.D10UnderstandPriority@a1153bc]" started-at="2025-12-29T22:05:37 IST" name="test2" finished-at="2025-12-29T22:05:37 IST" duration-ms="10" status="PASS">
          <reporter-output>
          </reporter-output>
        </test-method> <!-- test2 -->
      </class> <!-- com.MyTests.D10UnderstandPriority -->
    </test> <!-- Default test -->
  </suite> <!-- Default suite -->
</testng-results>
