<?xml version="1.0" encoding="UTF-8"?>
<!-- Generated by org.testng.reporters.JUnitXMLReporter -->
<testsuite ignored="0" hostname="DESKTOP-G8O6OG0" failures="0" tests="3" name="Default test" time="0.221" errors="0" timestamp="2025-12-29T22:05:37 IST">
  <testcase classname="com.MyTests.D10UnderstandPriority" name="test1" time="0.019"/>
  <testcase classname="com.MyTests.D10UnderstandPriority" name="test3" time="0.005"/>
  <testcase classname="com.MyTests.D10UnderstandPriority" name="test2" time="0.01"/>
</testsuite> <!-- Default test -->
