<?xml version="1.0" encoding="UTF-8"?>
<!-- Generated by org.testng.reporters.JUnitReportReporter -->
<testsuite hostname="DESKTOP-G8O6OG0" failures="0" tests="4" name="com.TestNGDemos.D03Before_After_Test" time="21.095" errors="0" timestamp="2025-12-12T21:27:23 IST" skipped="0">
  <testcase classname="com.TestNGDemos.D03Before_After_Test" name="testKisankonnect" time="5.913"/>
  <testcase classname="com.TestNGDemos.D03Before_After_Test" name="testFirstCry" time="4.713"/>
  <testcase classname="com.TestNGDemos.D03Before_After_Test" name="testPharmeasy" time="3.273"/>
  <testcase classname="com.TestNGDemos.D03Before_After_Test" name="testNykaa" time="7.196"/>
</testsuite> <!-- com.TestNGDemos.D03Before_After_Test -->
