<?xml version="1.0" encoding="UTF-8"?>
<!-- Generated by org.testng.reporters.JUnitReportReporter -->
<testsuite hostname="DESKTOP-G8O6OG0" failures="0" tests="4" name="com.TestNGDemos.D03Before_After_Test" time="14.632" errors="0" timestamp="2025-12-12T22:38:09 IST" skipped="0">
  <testcase classname="com.TestNGDemos.D03Before_After_Test" name="testKisankonnect" time="4.740"/>
  <testcase classname="com.TestNGDemos.D03Before_After_Test" name="testFirstCry" time="3.558"/>
  <testcase classname="com.TestNGDemos.D03Before_After_Test" name="testPharmeasy" time="1.519"/>
  <testcase classname="com.TestNGDemos.D03Before_After_Test" name="testNykaa" time="4.815"/>
</testsuite> <!-- com.TestNGDemos.D03Before_After_Test -->
