<?xml version="1.0" encoding="UTF-8"?>
<!-- Generated by org.testng.reporters.JUnitReportReporter -->
<testsuite hostname="DESKTOP-G8O6OG0" failures="0" tests="3" name="com.Assignments.OHRM_Login_Logout" time="8.853" errors="0" timestamp="2025-12-12T22:04:37 IST" skipped="0">
  <testcase classname="com.Assignments.OHRM_Login_Logout" name="login2" time="3.510"/>
  <testcase classname="com.Assignments.OHRM_Login_Logout" name="login3" time="1.418"/>
  <testcase classname="com.Assignments.OHRM_Login_Logout" name="login1" time="3.925"/>
</testsuite> <!-- com.Assignments.OHRM_Login_Logout -->
