<?xml version="1.0" encoding="UTF-8"?>
<!-- Generated by org.testng.reporters.JUnitReportReporter -->
<testsuite hostname="DESKTOP-G8O6OG0" failures="0" tests="2" name="com.TestNGDemos.D05GoogleAssignment" time="9.734" errors="0" timestamp="2025-12-15T22:22:01 IST" skipped="0">
  <testcase classname="com.TestNGDemos.D05GoogleAssignment" name="clickOnGmail" time="5.851"/>
  <testcase classname="com.TestNGDemos.D05GoogleAssignment" name="clickOnImages" time="3.883"/>
</testsuite> <!-- com.TestNGDemos.D05GoogleAssignment -->
