<?xml version="1.0" encoding="UTF-8"?>
<!-- Generated by org.testng.reporters.JUnitReportReporter -->
<testsuite hostname="DESKTOP-G8O6OG0" failures="0" tests="4" name="com.TestNGDemos.D04Before_After_Method" time="22.228" errors="0" timestamp="2025-12-17T20:33:53 IST" skipped="0">
  <testcase classname="com.TestNGDemos.D04Before_After_Method" name="testKisankonnect" time="4.989"/>
  <testcase classname="com.TestNGDemos.D04Before_After_Method" name="testFirstCry" time="4.590"/>
  <testcase classname="com.TestNGDemos.D04Before_After_Method" name="testPharmeasy" time="2.753"/>
  <testcase classname="com.TestNGDemos.D04Before_After_Method" name="testNykaa" time="9.896"/>
</testsuite> <!-- com.TestNGDemos.D04Before_After_Method -->
