<?xml version="1.0" encoding="UTF-8"?>
<!-- Generated by org.testng.reporters.JUnitReportReporter -->
<testsuite hostname="DESKTOP-G8O6OG0" failures="0" tests="3" name="com.TestNGDemos.D06DataProviderDemo" time="0.022" errors="0" timestamp="2025-12-12T22:20:50 IST" skipped="0">
  <testcase classname="com.TestNGDemos.D06DataProviderDemo" name="login" time="0.008"/>
  <testcase classname="com.TestNGDemos.D06DataProviderDemo" name="login" time="0.011"/>
  <testcase classname="com.TestNGDemos.D06DataProviderDemo" name="login" time="0.003"/>
</testsuite> <!-- com.TestNGDemos.D06DataProviderDemo -->
