<?xml version="1.0" encoding="UTF-8"?>
<!-- Generated by org.testng.reporters.JUnitReportReporter -->
<testsuite hostname="DESKTOP-G8O6OG0" failures="0" tests="2" name="com.TestNGDemos.D14ReadDataFromExcel" time="0.017" errors="0" timestamp="2025-12-19T21:27:28 IST" skipped="1">
  <testcase classname="com.TestNGDemos.D14ReadDataFromExcel" name="readAllData" time="0.017"/>
  <testcase classname="com.TestNGDemos.D14ReadDataFromExcel" name="readTheData">
    <skipped/>
  </testcase> <!-- readTheData -->
</testsuite> <!-- com.TestNGDemos.D14ReadDataFromExcel -->
