<?xml version="1.0" encoding="UTF-8"?>
<!-- Generated by org.testng.reporters.JUnitReportReporter -->
<testsuite hostname="DESKTOP-G8O6OG0" failures="0" tests="2" name="com.TestNGDemos.D11RediffClient" time="8.073" errors="0" timestamp="2025-12-18T21:36:20 IST" skipped="0">
  <testcase classname="com.TestNGDemos.D11RediffClient" name="createUser1" time="4.273"/>
  <testcase classname="com.TestNGDemos.D11RediffClient" name="createUser2" time="3.800"/>
</testsuite> <!-- com.TestNGDemos.D11RediffClient -->
