<?xml version="1.0" encoding="UTF-8"?>
<!-- Generated by org.testng.reporters.JUnitReportReporter -->
<testsuite hostname="DESKTOP-G8O6OG0" failures="0" tests="4" name="com.TestNGDemos.D02TestOnlineShopingApps" time="37.624" errors="0" timestamp="2025-12-12T21:00:05 IST" skipped="0">
  <testcase classname="com.TestNGDemos.D02TestOnlineShopingApps" name="testKisankonnect" time="10.036"/>
  <testcase classname="com.TestNGDemos.D02TestOnlineShopingApps" name="testFirstCry" time="8.562"/>
  <testcase classname="com.TestNGDemos.D02TestOnlineShopingApps" name="testPharmeasy" time="7.714"/>
  <testcase classname="com.TestNGDemos.D02TestOnlineShopingApps" name="testNykaa" time="11.312"/>
</testsuite> <!-- com.TestNGDemos.D02TestOnlineShopingApps -->
