<?xml version="1.0" encoding="UTF-8"?>
<!-- Generated by org.testng.reporters.JUnitReportReporter -->
<testsuite hostname="DESKTOP-G8O6OG0" failures="0" tests="4" name="com.TestNGDemos.D02TestOnlineShopingApps" time="171.775" errors="0" timestamp="2025-12-17T20:51:20 IST" skipped="0">
  <testcase classname="com.TestNGDemos.D02TestOnlineShopingApps" name="testKisankonnect" time="43.343"/>
  <testcase classname="com.TestNGDemos.D02TestOnlineShopingApps" name="testFirstCry" time="42.808"/>
  <testcase classname="com.TestNGDemos.D02TestOnlineShopingApps" name="testPharmeasy" time="42.344"/>
  <testcase classname="com.TestNGDemos.D02TestOnlineShopingApps" name="testNykaa" time="43.280"/>
</testsuite> <!-- com.TestNGDemos.D02TestOnlineShopingApps -->
