<?xml version="1.0" encoding="UTF-8"?>
<!-- Generated by org.testng.reporters.JUnitReportReporter -->
<testsuite hostname="DESKTOP-G8O6OG0" failures="0" tests="4" name="com.TestNGDemos.D04Before_After_Method" time="20.811" errors="0" timestamp="2025-12-12T21:38:44 IST" skipped="0">
  <testcase classname="com.TestNGDemos.D04Before_After_Method" name="testKisankonnect" time="5.772"/>
  <testcase classname="com.TestNGDemos.D04Before_After_Method" name="testFirstCry" time="4.951"/>
  <testcase classname="com.TestNGDemos.D04Before_After_Method" name="testPharmeasy" time="2.882"/>
  <testcase classname="com.TestNGDemos.D04Before_After_Method" name="testNykaa" time="7.206"/>
</testsuite> <!-- com.TestNGDemos.D04Before_After_Method -->
