<?xml version="1.0" encoding="UTF-8"?>
<!-- Generated by org.testng.reporters.JUnitReportReporter -->
<testsuite hostname="DESKTOP-G8O6OG0" failures="0" tests="4" name="com.TestNGDemos.D05GoogleAssignment" time="24.129" errors="0" timestamp="2025-12-17T20:33:53 IST" skipped="0">
  <testcase classname="com.TestNGDemos.D05GoogleAssignment" name="clickOnGmail" time="6.526"/>
  <testcase classname="com.TestNGDemos.D05GoogleAssignment" name="clickOnImages" time="4.072"/>
  <testcase classname="com.TestNGDemos.D05GoogleAssignment" name="clickOnAdvt" time="7.850"/>
  <testcase classname="com.TestNGDemos.D05GoogleAssignment" name="clickOnAbout" time="5.681"/>
</testsuite> <!-- com.TestNGDemos.D05GoogleAssignment -->
