<?xml version="1.0" encoding="UTF-8"?>
<!-- Generated by org.testng.reporters.JUnitReportReporter -->
<testsuite hostname="DESKTOP-G8O6OG0" failures="0" tests="7" name="com.TestNGDemos.D15LoginToOHRM_DDF" time="16.880" errors="0" timestamp="2025-12-29T21:31:04 IST" skipped="0">
  <testcase classname="com.TestNGDemos.D15LoginToOHRM_DDF" name="login" time="1.738"/>
  <testcase classname="com.TestNGDemos.D15LoginToOHRM_DDF" name="login" time="3.191"/>
  <testcase classname="com.TestNGDemos.D15LoginToOHRM_DDF" name="login" time="2.315"/>
  <testcase classname="com.TestNGDemos.D15LoginToOHRM_DDF" name="login" time="4.135"/>
  <testcase classname="com.TestNGDemos.D15LoginToOHRM_DDF" name="login" time="1.047"/>
  <testcase classname="com.TestNGDemos.D15LoginToOHRM_DDF" name="login" time="3.074"/>
  <testcase classname="com.TestNGDemos.D15LoginToOHRM_DDF" name="login" time="1.380"/>
</testsuite> <!-- com.TestNGDemos.D15LoginToOHRM_DDF -->
