<?xml version="1.0" encoding="UTF-8"?>
<!-- Generated by org.testng.reporters.JUnitReportReporter -->
<testsuite hostname="DESKTOP-G8O6OG0" failures="0" tests="7" name="com.TestNGDemos.D15LoginToOHRM_DDF" time="20.558" errors="0" timestamp="2025-12-19T22:05:36 IST" skipped="0">
  <testcase classname="com.TestNGDemos.D15LoginToOHRM_DDF" name="login" time="1.759"/>
  <testcase classname="com.TestNGDemos.D15LoginToOHRM_DDF" name="login" time="1.758"/>
  <testcase classname="com.TestNGDemos.D15LoginToOHRM_DDF" name="login" time="3.453"/>
  <testcase classname="com.TestNGDemos.D15LoginToOHRM_DDF" name="login" time="1.695"/>
  <testcase classname="com.TestNGDemos.D15LoginToOHRM_DDF" name="login" time="2.069"/>
  <testcase classname="com.TestNGDemos.D15LoginToOHRM_DDF" name="login" time="4.934"/>
  <testcase classname="com.TestNGDemos.D15LoginToOHRM_DDF" name="login" time="4.890"/>
</testsuite> <!-- com.TestNGDemos.D15LoginToOHRM_DDF -->
