<?xml version="1.0" encoding="UTF-8"?>
<!-- Generated by org.testng.reporters.JUnitReportReporter -->
<testsuite hostname="DESKTOP-G8O6OG0" failures="0" tests="5" name="com.MyTests.D09InvocationCount" time="0.051" errors="0" timestamp="2025-12-29T21:22:06 IST" skipped="0">
  <testcase classname="com.MyTests.D09InvocationCount" name="myTest" time="0.004"/>
  <testcase classname="com.MyTests.D09InvocationCount" name="myTest" time="0.039"/>
  <testcase classname="com.MyTests.D09InvocationCount" name="myTest" time="0.004"/>
  <testcase classname="com.MyTests.D09InvocationCount" name="myTest" time="0.002"/>
  <testcase classname="com.MyTests.D09InvocationCount" name="myTest" time="0.002"/>
</testsuite> <!-- com.MyTests.D09InvocationCount -->
