<?xml version="1.0" encoding="UTF-8"?>
<!-- Generated by org.testng.reporters.JUnitReportReporter -->
<testsuite hostname="DESKTOP-G8O6OG0" failures="0" tests="3" name="com.MyTests.D10UnderstandPriority" time="0.034" errors="0" timestamp="2025-12-29T22:05:38 IST" skipped="0">
  <testcase classname="com.MyTests.D10UnderstandPriority" name="test3" time="0.005"/>
  <testcase classname="com.MyTests.D10UnderstandPriority" name="test1" time="0.019"/>
  <testcase classname="com.MyTests.D10UnderstandPriority" name="test2" time="0.010"/>
</testsuite> <!-- com.MyTests.D10UnderstandPriority -->
