<?xml version="1.0" encoding="UTF-8"?>
<!-- Generated by org.testng.reporters.JUnitXMLReporter -->
<testsuite ignored="0" hostname="DESKTOP-G8O6OG0" failures="0" tests="8" name="Execute Class" time="57.431" errors="0" timestamp="2025-12-17T20:33:52 IST">
  <testcase classname="com.TestNGDemos.D05GoogleAssignment" name="clickOnGmail" time="3.999"/>
  <testcase classname="com.TestNGDemos.D05GoogleAssignment" name="clickOnImages" time="1.772"/>
  <testcase classname="com.TestNGDemos.D05GoogleAssignment" name="clickOnAdvt" time="5.398"/>
  <testcase classname="com.TestNGDemos.D05GoogleAssignment" name="clickOnAbout" time="3.447"/>
  <testcase classname="com.TestNGDemos.D04Before_After_Method" name="testKisankonnect" time="4.957"/>
  <testcase classname="com.TestNGDemos.D04Before_After_Method" name="testFirstCry" time="4.512"/>
  <testcase classname="com.TestNGDemos.D04Before_After_Method" name="testPharmeasy" time="2.694"/>
  <testcase classname="com.TestNGDemos.D04Before_After_Method" name="testNykaa" time="9.877"/>
</testsuite> <!-- Execute Class -->
