<?xml version="1.0" encoding="UTF-8"?>
<testng-results ignored="2" total="4" passed="2" failed="0" skipped="0">
  <reporter-output>
  </reporter-output>
  <suite started-at="2025-12-15T22:21:40 IST" name="Google Tests" finished-at="2025-12-15T22:22:00 IST" duration-ms="20737">
    <groups>
      <group name="CoreLinks">
        <method signature="D05GoogleAssignment.clickOnGmail()[pri:1, instance:com.TestNGDemos.D05GoogleAssignment@175c2241]" name="clickOnGmail" class="com.TestNGDemos.D05GoogleAssignment"/>
        <method signature="D05GoogleAssignment.clickOnImages()[pri:2, instance:com.TestNGDemos.D05GoogleAssignment@175c2241]" name="clickOnImages" class="com.TestNGDemos.D05GoogleAssignment"/>
      </group> <!-- CoreLinks -->
    </groups>
    <test started-at="2025-12-15T22:21:40 IST" name="Execute Group" finished-at="2025-12-15T22:22:00 IST" duration-ms="20737">
      <class name="com.TestNGDemos.D05GoogleAssignment">
        <test-method is-config="true" signature="beforeTest()[pri:0, instance:com.TestNGDemos.D05GoogleAssignment@175c2241]" started-at="2025-12-15T22:21:40 IST" name="beforeTest" finished-at="2025-12-15T22:21:44 IST" duration-ms="4045" status="PASS">
          <reporter-output>
          </reporter-output>
        </test-method> <!-- beforeTest -->
        <test-method is-config="true" signature="beforeMethod()[pri:0, instance:com.TestNGDemos.D05GoogleAssignment@175c2241]" started-at="2025-12-15T22:21:44 IST" name="beforeMethod" finished-at="2025-12-15T22:21:46 IST" duration-ms="2106" status="PASS">
          <reporter-output>
          </reporter-output>
        </test-method> <!-- beforeMethod -->
        <test-method signature="clickOnGmail()[pri:1, instance:com.TestNGDemos.D05GoogleAssignment@175c2241]" started-at="2025-12-15T22:21:46 IST" name="clickOnGmail" finished-at="2025-12-15T22:21:50 IST" duration-ms="4167" status="PASS">
          <reporter-output>
          </reporter-output>
        </test-method> <!-- clickOnGmail -->
        <test-method is-config="true" signature="afterMethod()[pri:0, instance:com.TestNGDemos.D05GoogleAssignment@175c2241]" started-at="2025-12-15T22:21:50 IST" name="afterMethod" finished-at="2025-12-15T22:21:50 IST" duration-ms="16" status="PASS">
          <reporter-output>
          </reporter-output>
        </test-method> <!-- afterMethod -->
        <test-method is-config="true" signature="beforeMethod()[pri:0, instance:com.TestNGDemos.D05GoogleAssignment@175c2241]" started-at="2025-12-15T22:21:50 IST" name="beforeMethod" finished-at="2025-12-15T22:21:52 IST" duration-ms="1666" status="PASS">
          <reporter-output>
          </reporter-output>
        </test-method> <!-- beforeMethod -->
        <test-method signature="clickOnImages()[pri:2, instance:com.TestNGDemos.D05GoogleAssignment@175c2241]" started-at="2025-12-15T22:21:52 IST" name="clickOnImages" finished-at="2025-12-15T22:21:54 IST" duration-ms="1761" status="PASS">
          <reporter-output>
          </reporter-output>
        </test-method> <!-- clickOnImages -->
        <test-method is-config="true" signature="afterMethod()[pri:0, instance:com.TestNGDemos.D05GoogleAssignment@175c2241]" started-at="2025-12-15T22:21:54 IST" name="afterMethod" finished-at="2025-12-15T22:21:54 IST" duration-ms="18" status="PASS">
          <reporter-output>
          </reporter-output>
        </test-method> <!-- afterMethod -->
        <test-method is-config="true" signature="afterTest()[pri:0, instance:com.TestNGDemos.D05GoogleAssignment@175c2241]" started-at="2025-12-15T22:21:54 IST" name="afterTest" finished-at="2025-12-15T22:22:00 IST" duration-ms="6792" status="PASS">
          <reporter-output>
          </reporter-output>
        </test-method> <!-- afterTest -->
      </class> <!-- com.TestNGDemos.D05GoogleAssignment -->
    </test> <!-- Execute Group -->
  </suite> <!-- Google Tests -->
</testng-results>
