<?xml version="1.0" encoding="UTF-8"?>
<!-- Generated by org.testng.reporters.JUnitXMLReporter -->
<testsuite ignored="0" hostname="DESKTOP-G8O6OG0" failures="0" tests="4" name="Default test" time="32.523" errors="0" timestamp="2025-12-15T22:04:07 IST">
  <testcase classname="com.TestNGDemos.D05GoogleAssignment" name="clickOnGmail" time="4.892"/>
  <testcase classname="com.TestNGDemos.D05GoogleAssignment" name="clickOnImages" time="2.017"/>
  <testcase classname="com.TestNGDemos.D05GoogleAssignment" name="clickOnAdvt" time="6.942"/>
  <testcase classname="com.TestNGDemos.D05GoogleAssignment" name="clickOnAbout" time="7.165"/>
</testsuite> <!-- Default test -->
