<?xml version="1.0" encoding="UTF-8"?>
<!-- Generated by org.testng.reporters.JUnitXMLReporter -->
<testsuite ignored="0" hostname="DESKTOP-G8O6OG0" failures="0" tests="7" name="Default test" time="28.17" errors="0" timestamp="2025-12-19T22:05:35 IST">
  <testcase classname="com.TestNGDemos.D15LoginToOHRM_DDF" name="login" time="3.787"/>
  <testcase classname="com.TestNGDemos.D15LoginToOHRM_DDF" name="login" time="1.54"/>
  <testcase classname="com.TestNGDemos.D15LoginToOHRM_DDF" name="login" time="0.362"/>
  <testcase classname="com.TestNGDemos.D15LoginToOHRM_DDF" name="login" time="0.305"/>
  <testcase classname="com.TestNGDemos.D15LoginToOHRM_DDF" name="login" time="0.664"/>
  <testcase classname="com.TestNGDemos.D15LoginToOHRM_DDF" name="login" time="1.335"/>
  <testcase classname="com.TestNGDemos.D15LoginToOHRM_DDF" name="login" time="1.325"/>
</testsuite> <!-- Default test -->
